<?xml version="1.0" encoding="UTF-8"?>
<!-- Generated by org.testng.reporters.JUnitReportReporter -->
<testsuite hostname="hp-PC" name="SecondTestClass" tests="1" failures="0" timestamp="9 Sep 2018 06:16:45 GMT" time="0.073" errors="0">
  <testcase name="TestGuru" time="0.073" classname="SecondTestClass"/>
</testsuite> <!-- SecondTestClass -->
